2026-01-28 21:16:00.996262: App started
2026-01-28 21:16:01.039104: Refreshing view for Push
2026-01-28 21:16:02.904050: Opening add dialog
2026-01-28 21:16:07.708478: Opening add dialog
2026-01-28 21:16:08.307540: Opening add dialog
2026-01-28 21:16:08.520405: Opening add dialog
2026-01-28 21:16:08.753215: Opening add dialog
2026-01-28 21:16:10.316040: Opening add dialog
2026-01-28 21:16:10.534585: Opening add dialog
2026-01-28 21:16:10.782833: Opening add dialog
2026-01-28 21:16:13.749265: Refreshing view for Pull
2026-01-28 21:16:14.683881: Opening add dialog
2026-01-28 21:16:16.508985: Opening add dialog
2026-01-28 21:16:16.793510: Opening add dialog
2026-01-28 21:16:19.577784: Opening add dialog
2026-01-28 21:16:19.766227: Opening add dialog
2026-01-28 21:16:19.970961: Opening add dialog
2026-01-28 21:16:21.854499: Opening add dialog
2026-01-28 21:16:22.057511: Opening add dialog
2026-01-28 21:16:22.294671: Opening add dialog
2026-01-28 21:16:50.594696: App started
2026-01-28 21:16:50.631751: Refreshing view for Push
2026-01-28 21:16:51.975722: Opening add dialog
2026-01-28 21:16:53.513150: Opening add dialog
2026-01-28 21:16:53.731846: Opening add dialog
2026-01-28 21:16:53.915816: Opening add dialog
2026-01-28 21:16:54.117854: Opening add dialog
2026-01-28 21:16:54.351187: Opening add dialog
2026-01-28 21:16:55.875447: Refreshing view for Pull
2026-01-28 21:16:56.696419: Opening add dialog
2026-01-28 21:16:56.944945: Opening add dialog
2026-01-28 21:16:57.148897: Opening add dialog
2026-01-28 21:16:57.356605: Opening add dialog
2026-01-28 21:16:57.601972: Opening add dialog
2026-01-28 21:16:58.239967: Refreshing view for Legs
2026-01-28 21:16:58.789361: Opening add dialog
2026-01-28 21:16:59.000562: Opening add dialog
2026-01-28 21:16:59.205093: Opening add dialog
2026-01-28 21:16:59.400157: Opening add dialog
2026-01-28 21:16:59.595909: Opening add dialog
2026-01-28 21:17:17.726130: Opening add dialog
2026-01-28 21:17:24.218833: App started
2026-01-28 21:17:24.269721: Refreshing view for Push
2026-01-28 21:17:25.274344: Opening add dialog
2026-01-28 21:17:26.867119: Opening add dialog
2026-01-28 21:17:28.028804: Refreshing view for Legs
2026-01-28 21:17:28.588252: Opening add dialog
2026-01-28 21:17:29.803091: Refreshing view for Pull
2026-01-28 21:17:30.568403: Opening add dialog
2026-01-28 21:17:31.264092: Refreshing view for Legs
2026-01-28 21:17:32.462515: Opening add dialog
2026-01-28 21:17:32.879147: Opening add dialog
2026-01-28 21:17:33.092720: Opening add dialog
2026-01-28 21:17:33.294087: Opening add dialog
2026-01-28 21:17:33.492052: Opening add dialog
2026-01-28 21:17:33.697912: Opening add dialog
2026-01-28 21:17:33.912473: Opening add dialog
2026-01-28 21:17:34.121759: Opening add dialog
2026-01-28 21:17:34.321978: Opening add dialog
2026-01-28 21:17:34.533433: Opening add dialog
2026-01-28 21:17:34.742827: Opening add dialog
2026-01-28 21:17:34.956193: Opening add dialog
2026-01-28 21:18:07.264441: Opening add dialog
2026-01-28 21:18:07.730463: Opening add dialog
2026-01-28 21:18:07.995073: Opening add dialog
2026-01-28 21:18:08.479289: Refreshing view for Legs
2026-01-28 21:18:08.998755: Opening add dialog
2026-01-28 21:18:09.203847: Opening add dialog
2026-01-28 21:18:09.431325: Opening add dialog
2026-01-28 21:18:10.054358: Refreshing view for Pull
2026-01-28 21:18:10.733204: Opening add dialog
2026-01-28 21:18:10.941955: Opening add dialog
2026-01-28 21:18:11.186464: Opening add dialog
2026-01-28 21:18:12.127568: Refreshing view for Push
2026-01-28 21:18:13.033273: Opening add dialog
2026-01-28 21:18:13.248753: Opening add dialog
2026-01-28 21:18:13.444815: Opening add dialog
2026-01-28 21:18:13.671229: Opening add dialog
